<?xml version="1.0" encoding="UTF-8"?>
<testsuite name="com.foodtogo.config.PasswordEncoderTest" tests="1" skipped="0" failures="0" errors="0" timestamp="2024-09-02T01:50:46" hostname="jimincheol-ui-MacBookPro.local" time="0.77">
  <properties/>
  <testcase name="수동 등록한 passwordEncoder를 주입 받아와 문자열 암호화" classname="com.foodtogo.config.PasswordEncoderTest" time="0.77"/>
  <system-out><![CDATA[
  .   ____          _            __ _ _
 /\\ / ___'_ __ _ _(_)_ __  __ _ \ \ \ \
( ( )\___ | '_ | '_| | '_ \/ _` | \ \ \ \
 \\/  ___)| |_)| | | | | || (_| |  ) ) ) )
  '  |____| .__|_| |_|_| |_\__, | / / / /
 =========|_|==============|___/=/_/_/_/

 :: Spring Boot ::                (v3.3.3)

2024-09-02T10:50:46.007+09:00  INFO 55698 --- [auth] [    Test worker] c.foodtogo.config.PasswordEncoderTest    : Starting PasswordEncoderTest using Java 17.0.9 with PID 55698 (started by jimincheol in /Users/jimincheol/Project_FoodToGoWeb/com.foodtogo.auth)
2024-09-02T10:50:46.011+09:00  INFO 55698 --- [auth] [    Test worker] c.foodtogo.config.PasswordEncoderTest    : No active profile set, falling back to 1 default profile: "default"
2024-09-02T10:50:46.139+09:00  INFO 55698 --- [auth] [    Test worker] c.foodtogo.config.PasswordEncoderTest    : Started PasswordEncoderTest in 0.303 seconds (process running for 0.888)
encodePassword = $2a$10$/tvSO2Px.P7DqT6Gu.AzIeD4xCdv3sieQO90gdkc0tEvoH1xmQy4W
matches = false
]]></system-out>
  <system-err><![CDATA[]]></system-err>
</testsuite>
